Arguments: 
  C:\Program Files\nodejs\node.exe C:\Users\chhaj\.node\corepack\yarn\1.22.15\bin\yarn.js init

PATH: 
  C:\Users\chhaj\bin;C:\Program Files\Git\mingw64\bin;C:\Program Files\Git\usr\local\bin;C:\Program Files\Git\usr\bin;C:\Program Files\Git\usr\bin;C:\Program Files\Git\mingw64\bin;C:\Program Files\Git\usr\bin;C:\Users\chhaj\bin;C:\Python310\Scripts;C:\Python310;C:\Program Files\Common Files\Oracle\Java\javapath;C:\WINDOWS\system32;C:\WINDOWS;C:\WINDOWS\System32\Wbem;C:\WINDOWS\System32\WindowsPowerShell\v1.0;C:\WINDOWS\System32\OpenSSH;C:\Windows\System32\cmd.exe;C:\Program Files\Git\cmd;C:\Program Files\Java\jdk-17.0.3.1\bin;C:\ProgramData\chocolatey\bin;C:\Program Files\nodejs;C:\MinGW\bin;C:\Program Files (x86)\dotnet;C:\Users\chhaj\Downloads\mongosh-1.6.1-win32-x64\mongosh-1.6.1-win32-x64\bin;C:\Program Files\MongoDB\Server\6.0\bin;C:\Users\chhaj\AppData\Local\Microsoft\WindowsApps;C:\Users\chhaj\AppData\Local\Programs\Microsoft VS Code\bin;C:\MinGW\bin;C:\Program Files\JetBrains\IntelliJ IDEA Community Edition 2022.1.3\bin;C:\Users\chhaj\AppData\Roaming\npm;C:\Program Files\Git\usr\bin\vendor_perl;C:\Program Files\Git\usr\bin\core_perl

Yarn version: 
  1.22.15

Node version: 
  16.16.0

Platform: 
  win32 x64

Trace: 
  Error: Can't answer a question unless a user TTY
      at ConsoleReporter.question (C:\Users\chhaj\.node\corepack\yarn\1.22.15\lib\cli.js:92859:59)
      at Object.<anonymous> (C:\Users\chhaj\.node\corepack\yarn\1.22.15\lib\cli.js:85049:38)
      at Generator.next (<anonymous>)
      at step (C:\Users\chhaj\.node\corepack\yarn\1.22.15\lib\cli.js:310:30)
      at C:\Users\chhaj\.node\corepack\yarn\1.22.15\lib\cli.js:321:13

npm manifest: 
  {
    "name": "jobs",
    "version": "1.0.0",
    "description": "",
    "main": "app.js",
    "scripts": {
      "start": "nodemon app.js"
    },
    "keywords": [],
    "author": "",
    "license": "ISC",
    "dependencies": {
      "dotenv": "^8.2.0",
      "express": "^4.17.1",
      "express-async-errors": "^3.1.1",
      "http-status-codes": "^2.1.4",
      "jsonwebtoken": "^8.5.1",
      "mongoose": "^5.11.10"
    },
    "devDependencies": {
      "nodemon": "^2.0.7"
    }
  }

yarn manifest: 
  No manifest

Lockfile: 
  No lockfile
